<?xml version="1.0" encoding="UTF-8"?>
<!-- Generated by org.testng.reporters.JUnitReportReporter -->
<testsuite hostname="DESKTOP-4T13P6B" failures="0" tests="1" name="com.vtiger.contactsTest.CreateContactsTest" time="17.680" errors="0" timestamp="01 Jun 2022 04:18:57 GMT" skipped="0">
  <testcase classname="com.vtiger.contactsTest.CreateContactsTest" name="createContactsTest" time="17.680"/>
</testsuite> <!-- com.vtiger.contactsTest.CreateContactsTest -->
